<?xml version="1.0" encoding="UTF-8"?>
<!-- Generated by org.testng.reporters.JUnitReportReporter -->
<testsuite hostname="sham" failures="0" tests="1" name="com.simplilearn.restassuredtest.RestAssured_assignment006.LogoutRequestTest" time="2.563" errors="0" timestamp="2024-01-23T22:40:38 IST" skipped="0">
  <testcase classname="com.simplilearn.restassuredtest.RestAssured_assignment006.LogoutRequestTest" name="testLogoutEndpoint" time="2.563"/>
</testsuite> <!-- com.simplilearn.restassuredtest.RestAssured_assignment006.LogoutRequestTest -->
