<?xml version="1.0" encoding="UTF-8"?>
<!-- Generated by org.testng.reporters.JUnitReportReporter -->
<testsuite hostname="sham" failures="0" tests="1" name="com.simplilearn.restassuredtest.GetCallTest" time="2.575" errors="0" timestamp="2024-01-23T22:04:32 IST" skipped="0">
  <testcase classname="com.simplilearn.restassuredtest.GetCallTest" name="testGetPet" time="2.575"/>
</testsuite> <!-- com.simplilearn.restassuredtest.GetCallTest -->
