<?xml version="1.0" encoding="UTF-8"?>
<!-- Generated by org.testng.reporters.JUnitReportReporter -->
<testsuite hostname="sham" failures="0" tests="1" name="com.simplilearn.restassuredtest.PostCallTest" time="2.915" errors="0" timestamp="2024-01-23T22:03:41 IST" skipped="0">
  <testcase classname="com.simplilearn.restassuredtest.PostCallTest" name="testPostPet" time="2.915"/>
</testsuite> <!-- com.simplilearn.restassuredtest.PostCallTest -->
