<?xml version="1.0" encoding="UTF-8"?>
<!-- Generated by org.testng.reporters.JUnitReportReporter -->
<testsuite hostname="sham" failures="0" tests="1" name="com.simplilearn.restassuredtest.DeleteCallTest" time="2.997" errors="0" timestamp="2024-01-23T22:05:19 IST" skipped="0">
  <testcase classname="com.simplilearn.restassuredtest.DeleteCallTest" name="testDeletePet" time="2.997"/>
</testsuite> <!-- com.simplilearn.restassuredtest.DeleteCallTest -->
