<?xml version="1.0" encoding="UTF-8"?>
<!-- Generated by org.testng.reporters.JUnitReportReporter -->
<testsuite hostname="sham" failures="0" tests="3" name="com.simplilearn.restassuredtest.RestAssured_assignment005.GetStatusTest" time="7.147" errors="0" timestamp="2024-01-23T22:40:01 IST" skipped="0">
  <testcase classname="com.simplilearn.restassuredtest.RestAssured_assignment005.GetStatusTest" name="testPetStatus" time="1.112"/>
  <testcase classname="com.simplilearn.restassuredtest.RestAssured_assignment005.GetStatusTest" name="testPetStatus" time="4.948"/>
  <testcase classname="com.simplilearn.restassuredtest.RestAssured_assignment005.GetStatusTest" name="testPetStatus" time="1.087"/>
</testsuite> <!-- com.simplilearn.restassuredtest.RestAssured_assignment005.GetStatusTest -->
