<?xml version="1.0" encoding="UTF-8"?>
<!-- Generated by org.testng.reporters.JUnitReportReporter -->
<testsuite hostname="sham" failures="0" tests="1" name="com.simplilearn.restassuredtest.RestAssured_assignment001.DeleteCallTest" time="2.578" errors="0" timestamp="2024-01-23T22:38:27 IST" skipped="0">
  <testcase classname="com.simplilearn.restassuredtest.RestAssured_assignment001.DeleteCallTest" name="testDeletePet" time="2.578"/>
</testsuite> <!-- com.simplilearn.restassuredtest.RestAssured_assignment001.DeleteCallTest -->
