<?xml version="1.0" encoding="UTF-8"?>
<!-- Generated by org.testng.reporters.JUnitReportReporter -->
<testsuite hostname="sham" failures="0" tests="1" name="com.simplilearn.restassuredtest_assignment001.PostCallTest" time="2.766" errors="0" timestamp="2024-01-23T22:10:52 IST" skipped="0">
  <testcase classname="com.simplilearn.restassuredtest_assignment001.PostCallTest" name="testPostPet" time="2.766"/>
</testsuite> <!-- com.simplilearn.restassuredtest_assignment001.PostCallTest -->
