<?xml version="1.0" encoding="UTF-8"?>
<!-- Generated by org.testng.reporters.JUnitReportReporter -->
<testsuite hostname="sham" failures="0" tests="1" name="com.simplilearn.restassuredtest.RestAssured_assignment004.LoginRequestTest" time="2.557" errors="0" timestamp="2024-01-23T22:39:25 IST" skipped="0">
  <testcase classname="com.simplilearn.restassuredtest.RestAssured_assignment004.LoginRequestTest" name="loginAndGetSession" time="2.557"/>
</testsuite> <!-- com.simplilearn.restassuredtest.RestAssured_assignment004.LoginRequestTest -->
