<?xml version="1.0" encoding="UTF-8"?>
<!-- Generated by org.testng.reporters.JUnitReportReporter -->
<testsuite hostname="sham" failures="0" tests="1" name="com.simplilearn.restassuredtest.RestAssured_assignment001.GetCallTest" time="2.500" errors="0" timestamp="2024-01-23T22:37:52 IST" skipped="0">
  <testcase classname="com.simplilearn.restassuredtest.RestAssured_assignment001.GetCallTest" name="testGetPet" time="2.500"/>
</testsuite> <!-- com.simplilearn.restassuredtest.RestAssured_assignment001.GetCallTest -->
